<?xml version="1.0" encoding="UTF-8"?>
<testsuite xmlns:xsi="http://www.w3.org/2001/XMLSchema-instance" xsi:noNamespaceSchemaLocation="https://maven.apache.org/surefire/maven-surefire-plugin/xsd/surefire-test-report-3.0.xsd" version="3.0" name="com.function.UsersFunctionsTest" time="0.065" tests="5" errors="0" skipped="0" failures="0">
  <properties>
[...]
</properties>
  <testcase name="testCrearUsuario_SinBody" classname="com.function.UsersFunctionsTest" time="0.009">
    <system-err><![CDATA[abr 09, 2026 11:53:47 P. M. com.function.UsersFunction crearUsuario
INFORMACIÓN: Iniciando creación de usuario...
]]></system-err>
  </testcase>
  <testcase name="testCrearUsuario_Exitoso" classname="com.function.UsersFunctionsTest" time="0.016">
    <system-err><![CDATA[abr 09, 2026 11:53:47 P. M. com.function.UsersFunction crearUsuario
INFORMACIÓN: Iniciando creación de usuario...
abr 09, 2026 11:53:47 P. M. com.function.UsersFunction crearUsuario
INFORMACIÓN: Creando usuario con email: juan@test.com
]]></system-err>
  </testcase>
  <testcase name="testObtenerUsuarioPorId_Existe" classname="com.function.UsersFunctionsTest" time="0.015">
    <system-err><![CDATA[abr 09, 2026 11:53:47 P. M. com.function.UsersFunction obtenerUsuarioPorId
INFORMACIÓN: Buscando usuario con ID: 1
]]></system-err>
  </testcase>
  <testcase name="testObtenerUsuarioPorId_NoExiste" classname="com.function.UsersFunctionsTest" time="0.014">
    <system-err><![CDATA[abr 09, 2026 11:53:47 P. M. com.function.UsersFunction obtenerUsuarioPorId
INFORMACIÓN: Buscando usuario con ID: 999
]]></system-err>
  </testcase>
  <testcase name="testEliminarUsuario_Exitoso" classname="com.function.UsersFunctionsTest" time="0.006">
    <system-err><![CDATA[abr 09, 2026 11:53:47 P. M. com.function.UsersFunction eliminarUsuario
INFORMACIÓN: Eliminando usuario con ID: 1
]]></system-err>
  </testcase>
</testsuite>