<?xml version="1.0" encoding="UTF-8"?>
<testsuite xmlns:xsi="http://www.w3.org/2001/XMLSchema-instance" xsi:noNamespaceSchemaLocation="https://maven.apache.org/surefire/maven-surefire-plugin/xsd/surefire-test-report-3.0.xsd" version="3.0" name="com.function.ReservaFunctionsTest" time="2.706" tests="3" errors="0" skipped="0" failures="0">
  <properties>
[...]
</properties>
  <testcase name="testCrearReserva_Exitoso" classname="com.function.ReservaFunctionsTest" time="2.649">
    <system-err><![CDATA[WARNING: A Java agent has been loaded dynamically (C:\Users\scarr\.m2\repository\net\bytebuddy\byte-buddy-agent\1.14.12\byte-buddy-agent-1.14.12.jar)
WARNING: If a serviceability tool is in use, please run with -XX:+EnableDynamicAgentLoading to hide this warning
WARNING: If a serviceability tool is not in use, please run with -Djdk.instrument.traceUsage for more information
WARNING: Dynamic loading of agents will be disallowed by default in a future release
mar 29, 2026 12:01:06 P. M. com.function.ReservaFunctions crearReserva
INFORMACIÓN: Iniciando creación de reserva...
mar 29, 2026 12:01:06 P. M. com.function.ReservaFunctions crearReserva
INFORMACIÓN: Creando reserva para el usuario: U123
]]></system-err>
  </testcase>
  <testcase name="testObtenerReservaPorId_Existe" classname="com.function.ReservaFunctionsTest" time="0.011">
    <system-err><![CDATA[mar 29, 2026 12:01:06 P. M. com.function.ReservaFunctions obtenerReservaPorId
INFORMACIÓN: Buscando reserva con ID: 1
]]></system-err>
  </testcase>
  <testcase name="testCrearReserva_FallaBaseDeDatos" classname="com.function.ReservaFunctionsTest" time="0.023">
    <system-err><![CDATA[mar 29, 2026 12:01:06 P. M. com.function.ReservaFunctions crearReserva
INFORMACIÓN: Iniciando creación de reserva...
mar 29, 2026 12:01:06 P. M. com.function.ReservaFunctions crearReserva
INFORMACIÓN: Creando reserva para el usuario: null
mar 29, 2026 12:01:06 P. M. com.function.ReservaFunctions crearReserva
GRAVE: Fallo en la base de datos: Conexión rechazada
]]></system-err>
  </testcase>
</testsuite>